[debug] [2022-09-05T15:06:11.237Z] ----------------------------------------------------------------------
[debug] [2022-09-05T15:06:11.238Z] Command:       /Users/jamesetchberger/.nvm/versions/node/v16.16.0/bin/node /usr/local/bin/firebase deploy --only functions
[debug] [2022-09-05T15:06:11.238Z] CLI Version:   11.4.0
[debug] [2022-09-05T15:06:11.238Z] Platform:      darwin
[debug] [2022-09-05T15:06:11.238Z] Node Version:  v16.16.0
[debug] [2022-09-05T15:06:11.239Z] Time:          Mon Sep 05 2022 11:06:11 GMT-0400 (Eastern Daylight Time)
[debug] [2022-09-05T15:06:11.239Z] ----------------------------------------------------------------------
[debug] 
[debug] [2022-09-05T15:06:11.264Z] Field ".emulators.hosting.port" in "firebase.json" is possibly invalid: should be number
[debug] [2022-09-05T15:06:11.267Z] > command requires scopes: ["email","openid","https://www.googleapis.com/auth/cloudplatformprojects.readonly","https://www.googleapis.com/auth/firebase","https://www.googleapis.com/auth/cloud-platform"]
[debug] [2022-09-05T15:06:11.267Z] > authorizing via signed-in user (etchbergerjames@gmail.com)
[debug] [2022-09-05T15:06:11.267Z] [iam] checking project the-cookbook-api for permissions ["cloudfunctions.functions.create","cloudfunctions.functions.delete","cloudfunctions.functions.get","cloudfunctions.functions.list","cloudfunctions.functions.update","cloudfunctions.operations.get","firebase.projects.get"]
[debug] [2022-09-05T15:06:11.268Z] >>> [apiv2][query] POST https://cloudresourcemanager.googleapis.com/v1/projects/the-cookbook-api:testIamPermissions [none]
[debug] [2022-09-05T15:06:11.268Z] >>> [apiv2][(partial)header] POST https://cloudresourcemanager.googleapis.com/v1/projects/the-cookbook-api:testIamPermissions x-goog-quota-user=projects/the-cookbook-api
[debug] [2022-09-05T15:06:11.268Z] >>> [apiv2][body] POST https://cloudresourcemanager.googleapis.com/v1/projects/the-cookbook-api:testIamPermissions {"permissions":["cloudfunctions.functions.create","cloudfunctions.functions.delete","cloudfunctions.functions.get","cloudfunctions.functions.list","cloudfunctions.functions.update","cloudfunctions.operations.get","firebase.projects.get"]}
[debug] [2022-09-05T15:06:11.526Z] <<< [apiv2][status] POST https://cloudresourcemanager.googleapis.com/v1/projects/the-cookbook-api:testIamPermissions 200
[debug] [2022-09-05T15:06:11.526Z] <<< [apiv2][body] POST https://cloudresourcemanager.googleapis.com/v1/projects/the-cookbook-api:testIamPermissions {"permissions":["cloudfunctions.functions.create","cloudfunctions.functions.delete","cloudfunctions.functions.get","cloudfunctions.functions.list","cloudfunctions.functions.update","cloudfunctions.operations.get","firebase.projects.get"]}
[debug] [2022-09-05T15:06:11.527Z] >>> [apiv2][query] POST https://iam.googleapis.com/v1/projects/the-cookbook-api/serviceAccounts/the-cookbook-api@appspot.gserviceaccount.com:testIamPermissions [none]
[debug] [2022-09-05T15:06:11.528Z] >>> [apiv2][body] POST https://iam.googleapis.com/v1/projects/the-cookbook-api/serviceAccounts/the-cookbook-api@appspot.gserviceaccount.com:testIamPermissions {"permissions":["iam.serviceAccounts.actAs"]}
[debug] [2022-09-05T15:06:11.763Z] <<< [apiv2][status] POST https://iam.googleapis.com/v1/projects/the-cookbook-api/serviceAccounts/the-cookbook-api@appspot.gserviceaccount.com:testIamPermissions 200
[debug] [2022-09-05T15:06:11.763Z] <<< [apiv2][body] POST https://iam.googleapis.com/v1/projects/the-cookbook-api/serviceAccounts/the-cookbook-api@appspot.gserviceaccount.com:testIamPermissions {"permissions":["iam.serviceAccounts.actAs"]}
[info] 
[info] === Deploying to 'the-cookbook-api'...
[info] 
[info] i  deploying functions 
[debug] [2022-09-05T15:06:11.768Z] >>> [apiv2][query] GET https://firebase.googleapis.com/v1beta1/projects/the-cookbook-api [none]
[debug] [2022-09-05T15:06:12.073Z] <<< [apiv2][status] GET https://firebase.googleapis.com/v1beta1/projects/the-cookbook-api 200
[debug] [2022-09-05T15:06:12.074Z] <<< [apiv2][body] GET https://firebase.googleapis.com/v1beta1/projects/the-cookbook-api {"projectId":"the-cookbook-api","projectNumber":"179709486602","displayName":"the-cookbook-api","name":"projects/the-cookbook-api","resources":{"hostingSite":"the-cookbook-api"},"state":"ACTIVE","etag":"1_c62ba16b-020b-49b0-9dd9-290798090002"}
[info] i  functions: ensuring required API cloudfunctions.googleapis.com is enabled... 
[info] i  functions: ensuring required API cloudbuild.googleapis.com is enabled... 
[info] i  artifactregistry: ensuring required API artifactregistry.googleapis.com is enabled... 
[debug] [2022-09-05T15:06:12.076Z] >>> [apiv2][query] GET https://serviceusage.googleapis.com/v1/projects/the-cookbook-api/services/cloudfunctions.googleapis.com [none]
[debug] [2022-09-05T15:06:12.078Z] >>> [apiv2][query] GET https://serviceusage.googleapis.com/v1/projects/the-cookbook-api/services/runtimeconfig.googleapis.com [none]
[debug] [2022-09-05T15:06:12.080Z] >>> [apiv2][query] GET https://serviceusage.googleapis.com/v1/projects/the-cookbook-api/services/cloudbuild.googleapis.com [none]
[debug] [2022-09-05T15:06:12.081Z] >>> [apiv2][query] GET https://serviceusage.googleapis.com/v1/projects/the-cookbook-api/services/artifactregistry.googleapis.com [none]
[debug] [2022-09-05T15:06:12.632Z] <<< [apiv2][status] GET https://serviceusage.googleapis.com/v1/projects/the-cookbook-api/services/runtimeconfig.googleapis.com 200
[debug] [2022-09-05T15:06:12.632Z] <<< [apiv2][body] GET https://serviceusage.googleapis.com/v1/projects/the-cookbook-api/services/runtimeconfig.googleapis.com [omitted]
[debug] [2022-09-05T15:06:12.632Z] <<< [apiv2][status] GET https://serviceusage.googleapis.com/v1/projects/the-cookbook-api/services/cloudbuild.googleapis.com 200
[debug] [2022-09-05T15:06:12.633Z] <<< [apiv2][body] GET https://serviceusage.googleapis.com/v1/projects/the-cookbook-api/services/cloudbuild.googleapis.com [omitted]
[info] ✔  functions: required API cloudbuild.googleapis.com is enabled 
[debug] [2022-09-05T15:06:12.657Z] <<< [apiv2][status] GET https://serviceusage.googleapis.com/v1/projects/the-cookbook-api/services/artifactregistry.googleapis.com 200
[debug] [2022-09-05T15:06:12.657Z] <<< [apiv2][body] GET https://serviceusage.googleapis.com/v1/projects/the-cookbook-api/services/artifactregistry.googleapis.com [omitted]
[info] ✔  artifactregistry: required API artifactregistry.googleapis.com is enabled 
[debug] [2022-09-05T15:06:12.758Z] <<< [apiv2][status] GET https://serviceusage.googleapis.com/v1/projects/the-cookbook-api/services/cloudfunctions.googleapis.com 200
[debug] [2022-09-05T15:06:12.758Z] <<< [apiv2][body] GET https://serviceusage.googleapis.com/v1/projects/the-cookbook-api/services/cloudfunctions.googleapis.com [omitted]
[info] ✔  functions: required API cloudfunctions.googleapis.com is enabled 
[debug] [2022-09-05T15:06:12.759Z] >>> [apiv2][query] GET https://firebase.googleapis.com/v1beta1/projects/the-cookbook-api/adminSdkConfig [none]
[debug] [2022-09-05T15:06:13.015Z] <<< [apiv2][status] GET https://firebase.googleapis.com/v1beta1/projects/the-cookbook-api/adminSdkConfig 200
[debug] [2022-09-05T15:06:13.015Z] <<< [apiv2][body] GET https://firebase.googleapis.com/v1beta1/projects/the-cookbook-api/adminSdkConfig {"projectId":"the-cookbook-api","storageBucket":"the-cookbook-api.appspot.com"}
[debug] [2022-09-05T15:06:13.016Z] >>> [apiv2][query] GET https://runtimeconfig.googleapis.com/v1beta1/projects/the-cookbook-api/configs [none]
[debug] [2022-09-05T15:06:13.414Z] <<< [apiv2][status] GET https://runtimeconfig.googleapis.com/v1beta1/projects/the-cookbook-api/configs 200
[debug] [2022-09-05T15:06:13.415Z] <<< [apiv2][body] GET https://runtimeconfig.googleapis.com/v1beta1/projects/the-cookbook-api/configs {}
[info] i  functions: preparing codebase default for deployment 
[debug] [2022-09-05T15:06:13.417Z] Validating nodejs source
[warn] ⚠  functions: package.json indicates an outdated version of firebase-functions. Please upgrade using npm install --save firebase-functions@latest in your functions directory. 
[debug] [2022-09-05T15:06:14.081Z] > [functions] package.json contents: {
  "name": "functions",
  "type": "module",
  "description": "Cloud Functions for Firebase",
  "scripts": {
    "serve": "firebase emulators:start --only functions",
    "shell": "firebase functions:shell",
    "start": "npm run shell",
    "deploy": "firebase deploy --only functions",
    "logs": "firebase functions:log"
  },
  "engines": {
    "node": "16"
  },
  "main": "index.js",
  "dependencies": {
    "cors": "^2.8.5",
    "dotenv": "^16.0.1",
    "express": "^4.18.1",
    "firebase-admin": "^10.0.2",
    "firebase-functions": "^3.18.0",
    "jsonwebtoken": "^8.5.1",
    "mongodb": "^4.9.0"
  },
  "devDependencies": {
    "firebase-functions-test": "^0.2.0"
  },
  "private": true
}
[debug] [2022-09-05T15:06:14.082Z] Building nodejs source
[info] i  functions: Loaded environment variables from .env. 
[debug] [2022-09-05T15:06:14.084Z] Could not find functions.yaml. Must use http discovery
[debug] [2022-09-05T15:06:14.187Z] Serving at port 9005

[debug] [2022-09-05T15:06:14.310Z] Mongo connected

[debug] [2022-09-05T15:06:14.313Z] Got response from /__/functions.yaml {"endpoints":{"api":{"platform":"gcfv1","httpsTrigger":{},"entryPoint":"api"}},"specVersion":"v1alpha1","requiredAPIs":[]}
[debug] [2022-09-05T15:06:14.602Z] FetchError: request to http://localhost:9005/__/quitquitquit failed, reason: read ECONNRESET
    at ClientRequest.<anonymous> (/usr/local/lib/node_modules/firebase-tools/node_modules/node-fetch/lib/index.js:1491:11)
    at ClientRequest.emit (node:events:527:28)
    at ClientRequest.emit (node:domain:475:12)
    at Socket.socketErrorListener (node:_http_client:454:9)
    at Socket.emit (node:events:527:28)
    at Socket.emit (node:domain:475:12)
    at emitErrorNT (node:internal/streams/destroy:157:8)
    at emitErrorCloseNT (node:internal/streams/destroy:122:3)
    at processTicksAndRejections (node:internal/process/task_queues:83:21)
[error] 
[error] Error: An unexpected error has occurred.
